<?xml version="1.0" encoding="UTF-8"?>
<testng-results ignored="0" total="12" passed="12" failed="0" skipped="0">
  <reporter-output>
  </reporter-output>
  <suite started-at="2024-04-26T09:12:05 MESZ" name="Default suite" finished-at="2024-04-26T09:12:35 MESZ" duration-ms="30073">
    <groups>
    </groups>
    <test started-at="2024-04-26T09:12:05 MESZ" name="Default test" finished-at="2024-04-26T09:12:35 MESZ" duration-ms="30073">
      <class name="selenumDemoCaseTest.LetskodeitSeiteTesten">
        <test-method is-config="true" signature="setup()[pri:0, instance:selenumDemoCaseTest.LetskodeitSeiteTesten@6fdbe764]" started-at="2024-04-26T09:12:05 MESZ" name="setup" finished-at="2024-04-26T09:12:15 MESZ" duration-ms="9986" status="PASS">
          <reporter-output>
          </reporter-output>
        </test-method> <!-- setup -->
        <test-method signature="radioButtonclick()[pri:1, instance:selenumDemoCaseTest.LetskodeitSeiteTesten@6fdbe764]" started-at="2024-04-26T09:12:15 MESZ" name="radioButtonclick" finished-at="2024-04-26T09:12:18 MESZ" duration-ms="3215" status="PASS">
          <reporter-output>
          </reporter-output>
        </test-method> <!-- radioButtonclick -->
        <test-method signature="checkboxclick()[pri:2, instance:selenumDemoCaseTest.LetskodeitSeiteTesten@6fdbe764]" started-at="2024-04-26T09:12:18 MESZ" name="checkboxclick" finished-at="2024-04-26T09:12:21 MESZ" duration-ms="3171" status="PASS">
          <reporter-output>
          </reporter-output>
        </test-method> <!-- checkboxclick -->
        <test-method signature="selectprodukt()[pri:3, instance:selenumDemoCaseTest.LetskodeitSeiteTesten@6fdbe764]" started-at="2024-04-26T09:12:21 MESZ" name="selectprodukt" finished-at="2024-04-26T09:12:22 MESZ" duration-ms="1059" status="PASS">
          <reporter-output>
          </reporter-output>
        </test-method> <!-- selectprodukt -->
        <test-method signature="benzselect()[pri:4, instance:selenumDemoCaseTest.LetskodeitSeiteTesten@6fdbe764]" started-at="2024-04-26T09:12:22 MESZ" name="benzselect" finished-at="2024-04-26T09:12:23 MESZ" duration-ms="1046" status="PASS">
          <reporter-output>
          </reporter-output>
        </test-method> <!-- benzselect -->
        <test-method signature="bmwselect()[pri:5, instance:selenumDemoCaseTest.LetskodeitSeiteTesten@6fdbe764]" started-at="2024-04-26T09:12:23 MESZ" name="bmwselect" finished-at="2024-04-26T09:12:24 MESZ" duration-ms="1061" status="PASS">
          <reporter-output>
          </reporter-output>
        </test-method> <!-- bmwselect -->
        <test-method signature="orangeselect()[pri:6, instance:selenumDemoCaseTest.LetskodeitSeiteTesten@6fdbe764]" started-at="2024-04-26T09:12:24 MESZ" name="orangeselect" finished-at="2024-04-26T09:12:25 MESZ" duration-ms="1050" status="PASS">
          <reporter-output>
          </reporter-output>
        </test-method> <!-- orangeselect -->
        <test-method signature="appleselect()[pri:8, instance:selenumDemoCaseTest.LetskodeitSeiteTesten@6fdbe764]" started-at="2024-04-26T09:12:25 MESZ" name="appleselect" finished-at="2024-04-26T09:12:26 MESZ" duration-ms="1046" status="PASS">
          <reporter-output>
          </reporter-output>
        </test-method> <!-- appleselect -->
        <test-method signature="peachselect()[pri:9, instance:selenumDemoCaseTest.LetskodeitSeiteTesten@6fdbe764]" started-at="2024-04-26T09:12:26 MESZ" name="peachselect" finished-at="2024-04-26T09:12:27 MESZ" duration-ms="1071" status="PASS">
          <reporter-output>
          </reporter-output>
        </test-method> <!-- peachselect -->
        <test-method signature="wordsuche()[pri:10, instance:selenumDemoCaseTest.LetskodeitSeiteTesten@6fdbe764]" started-at="2024-04-26T09:12:27 MESZ" name="wordsuche" finished-at="2024-04-26T09:12:30 MESZ" duration-ms="2055" status="PASS">
          <reporter-output>
          </reporter-output>
        </test-method> <!-- wordsuche -->
        <test-method signature="anderelinkauf()[pri:11, instance:selenumDemoCaseTest.LetskodeitSeiteTesten@6fdbe764]" started-at="2024-04-26T09:12:30 MESZ" name="anderelinkauf" finished-at="2024-04-26T09:12:30 MESZ" duration-ms="1" status="PASS">
          <reporter-output>
          </reporter-output>
        </test-method> <!-- anderelinkauf -->
        <test-method signature="buttonaktiv()[pri:12, instance:selenumDemoCaseTest.LetskodeitSeiteTesten@6fdbe764]" started-at="2024-04-26T09:12:30 MESZ" name="buttonaktiv" finished-at="2024-04-26T09:12:33 MESZ" duration-ms="3166" status="PASS">
          <reporter-output>
          </reporter-output>
        </test-method> <!-- buttonaktiv -->
        <test-method signature="namesende()[pri:13, instance:selenumDemoCaseTest.LetskodeitSeiteTesten@6fdbe764]" started-at="2024-04-26T09:12:33 MESZ" name="namesende" finished-at="2024-04-26T09:12:33 MESZ" duration-ms="74" status="PASS">
          <reporter-output>
          </reporter-output>
        </test-method> <!-- namesende -->
        <test-method is-config="true" signature="teardown()[pri:0, instance:selenumDemoCaseTest.LetskodeitSeiteTesten@6fdbe764]" started-at="2024-04-26T09:12:33 MESZ" name="teardown" finished-at="2024-04-26T09:12:35 MESZ" duration-ms="2013" status="FAIL">
          <exception class="org.openqa.selenium.UnhandledAlertException">
            <message>
              <![CDATA[unexpected alert open: {Alert text : Hello Nono, share this practice page and share your knowledge}
  (Session info: MicrosoftEdge=124.0.2478.51): Hello Nono, share this practice page and share your knowledge
Build info: version: '4.15.0', revision: '1d14b5521b'
System info: os.name: 'Windows 11', os.arch: 'amd64', os.version: '10.0', java.version: '17.0.8.1'
Driver info: org.openqa.selenium.edge.EdgeDriver
Command: [99a371e27cea0ab5027898998bb9477c, close {}]
Capabilities {acceptInsecureCerts: false, browserName: MicrosoftEdge, browserVersion: 124.0.2478.51, fedcm:accounts: true, ms:edgeOptions: {debuggerAddress: localhost:55298}, msedge: {msedgedriverVersion: 124.0.2478.51 (e23a9b7d0a14..., userDataDir: C:\Users\NOUKIM~1\AppData\L...}, networkConnectionEnabled: false, pageLoadStrategy: normal, platformName: windows, proxy: Proxy(), se:cdp: ws://localhost:55298/devtoo..., se:cdpVersion: 124.0.2478.51, setWindowRect: true, strictFileInteractability: false, timeouts: {implicit: 0, pageLoad: 300000, script: 30000}, unhandledPromptBehavior: dismiss and notify, webauthn:extension:credBlob: true, webauthn:extension:largeBlob: true, webauthn:extension:minPinLength: true, webauthn:extension:prf: true, webauthn:virtualAuthenticators: true}
Session ID: 99a371e27cea0ab5027898998bb9477c]]>
            </message>
            <full-stacktrace>
              <![CDATA[org.openqa.selenium.UnhandledAlertException: unexpected alert open: {Alert text : Hello Nono, share this practice page and share your knowledge}
  (Session info: MicrosoftEdge=124.0.2478.51): Hello Nono, share this practice page and share your knowledge
Build info: version: '4.15.0', revision: '1d14b5521b'
System info: os.name: 'Windows 11', os.arch: 'amd64', os.version: '10.0', java.version: '17.0.8.1'
Driver info: org.openqa.selenium.edge.EdgeDriver
Command: [99a371e27cea0ab5027898998bb9477c, close {}]
Capabilities {acceptInsecureCerts: false, browserName: MicrosoftEdge, browserVersion: 124.0.2478.51, fedcm:accounts: true, ms:edgeOptions: {debuggerAddress: localhost:55298}, msedge: {msedgedriverVersion: 124.0.2478.51 (e23a9b7d0a14..., userDataDir: C:\Users\NOUKIM~1\AppData\L...}, networkConnectionEnabled: false, pageLoadStrategy: normal, platformName: windows, proxy: Proxy(), se:cdp: ws://localhost:55298/devtoo..., se:cdpVersion: 124.0.2478.51, setWindowRect: true, strictFileInteractability: false, timeouts: {implicit: 0, pageLoad: 300000, script: 30000}, unhandledPromptBehavior: dismiss and notify, webauthn:extension:credBlob: true, webauthn:extension:largeBlob: true, webauthn:extension:minPinLength: true, webauthn:extension:prf: true, webauthn:virtualAuthenticators: true}
Session ID: 99a371e27cea0ab5027898998bb9477c
at org.openqa.selenium.remote.codec.w3c.W3CHttpResponseCodec.decode(W3CHttpResponseCodec.java:131)
at org.openqa.selenium.remote.codec.w3c.W3CHttpResponseCodec.decode(W3CHttpResponseCodec.java:52)
at org.openqa.selenium.remote.HttpCommandExecutor.execute(HttpCommandExecutor.java:191)
at org.openqa.selenium.remote.service.DriverCommandExecutor.invokeExecute(DriverCommandExecutor.java:200)
at org.openqa.selenium.remote.service.DriverCommandExecutor.execute(DriverCommandExecutor.java:175)
at org.openqa.selenium.remote.RemoteWebDriver.execute(RemoteWebDriver.java:607)
at org.openqa.selenium.remote.RemoteWebDriver.execute(RemoteWebDriver.java:680)
at org.openqa.selenium.remote.RemoteWebDriver.execute(RemoteWebDriver.java:684)
at org.openqa.selenium.remote.RemoteWebDriver.close(RemoteWebDriver.java:414)
at selenumDemoCaseTest.LetskodeitSeiteTesten.teardown(LetskodeitSeiteTesten.java:288)
at java.base/jdk.internal.reflect.NativeMethodAccessorImpl.invoke0(Native Method)
at java.base/jdk.internal.reflect.NativeMethodAccessorImpl.invoke(NativeMethodAccessorImpl.java:77)
at java.base/jdk.internal.reflect.DelegatingMethodAccessorImpl.invoke(DelegatingMethodAccessorImpl.java:43)
at java.base/java.lang.reflect.Method.invoke(Method.java:568)
at org.testng.internal.invokers.MethodInvocationHelper.invokeMethod(MethodInvocationHelper.java:139)
at org.testng.internal.invokers.MethodInvocationHelper.invokeMethodConsideringTimeout(MethodInvocationHelper.java:69)
at org.testng.internal.invokers.ConfigInvoker.invokeConfigurationMethod(ConfigInvoker.java:390)
at org.testng.internal.invokers.ConfigInvoker.invokeConfigurations(ConfigInvoker.java:325)
at org.testng.internal.invokers.TestMethodWorker.invokeAfterClassConfigurations(TestMethodWorker.java:229)
at org.testng.internal.invokers.TestMethodWorker.invokeAfterClassMethods(TestMethodWorker.java:215)
at org.testng.internal.invokers.TestMethodWorker.run(TestMethodWorker.java:131)
at java.base/java.util.ArrayList.forEach(ArrayList.java:1511)
at org.testng.TestRunner.privateRun(TestRunner.java:848)
at org.testng.TestRunner.run(TestRunner.java:621)
at org.testng.SuiteRunner.runTest(SuiteRunner.java:443)
at org.testng.SuiteRunner.runSequentially(SuiteRunner.java:437)
at org.testng.SuiteRunner.privateRun(SuiteRunner.java:397)
at org.testng.SuiteRunner.run(SuiteRunner.java:336)
at org.testng.SuiteRunnerWorker.runSuite(SuiteRunnerWorker.java:52)
at org.testng.SuiteRunnerWorker.run(SuiteRunnerWorker.java:95)
at org.testng.TestNG.runSuitesSequentially(TestNG.java:1280)
at org.testng.TestNG.runSuitesLocally(TestNG.java:1200)
at org.testng.TestNG.runSuites(TestNG.java:1114)
at org.testng.TestNG.run(TestNG.java:1082)
at org.testng.remote.AbstractRemoteTestNG.run(AbstractRemoteTestNG.java:115)
at org.testng.remote.RemoteTestNG.initAndRun(RemoteTestNG.java:251)
at org.testng.remote.RemoteTestNG.main(RemoteTestNG.java:77)
]]>
            </full-stacktrace>
          </exception> <!-- org.openqa.selenium.UnhandledAlertException -->
          <reporter-output>
          </reporter-output>
        </test-method> <!-- teardown -->
      </class> <!-- selenumDemoCaseTest.LetskodeitSeiteTesten -->
    </test> <!-- Default test -->
  </suite> <!-- Default suite -->
</testng-results>
